<?xml version="1.0" encoding="UTF-8"?>
<!-- Generated by org.testng.reporters.JUnitReportReporter -->
<testsuite skipped="0" hostname="DESKTOP-U8UDBFC" name="com.salesforce.testcases.TC001_VerifyLogin" tests="1" failures="0" timestamp="2021-08-12T17:15:55 IST" time="25.833" errors="0">
  <testcase name="runLogin" time="25.833" classname="com.salesforce.testcases.TC001_VerifyLogin"/>
  <system-out/>
</testsuite> <!-- com.salesforce.testcases.TC001_VerifyLogin -->
