<?xml version="1.0" encoding="UTF-8"?>
<!-- Generated by org.testng.reporters.JUnitReportReporter -->
<testsuite hostname="IN3228401W1" failures="0" tests="1" name="com.salesforce.testcases.TC001_CreateOpportunity" time="64.065" errors="0" timestamp="2022-05-19T12:08:26 IST" skipped="0">
  <testcase classname="com.salesforce.testcases.TC001_CreateOpportunity" name="runLogin" time="64.065"/>
  <system-out/>
</testsuite> <!-- com.salesforce.testcases.TC001_CreateOpportunity -->
